2020-08-17 14:04:26,717 [Worker-1: Loading available Gradle versions] INFO  o.e.b.c.i.u.g.PublishedGradleVersions - Gradle version information cache is out-of-date. Trying to update.
2020-08-18 11:43:46,424 [Worker-1: Loading available Gradle versions] INFO  o.e.b.c.i.u.g.PublishedGradleVersions - Gradle version information cache is up-to-date. Trying to read.
2020-08-20 15:11:06,083 [Worker-0: Loading available Gradle versions] INFO  o.e.b.c.i.u.g.PublishedGradleVersions - Gradle version information cache is out-of-date. Trying to update.
2020-08-20 16:37:20,021 [Worker-0: Loading available Gradle versions] INFO  o.e.b.c.i.u.g.PublishedGradleVersions - Gradle version information cache is up-to-date. Trying to read.
2020-08-20 23:32:07,924 [Worker-8: Loading available Gradle versions] INFO  o.e.b.c.i.u.g.PublishedGradleVersions - Gradle version information cache is up-to-date. Trying to read.
2020-08-21 10:03:53,109 [Worker-3: Loading available Gradle versions] INFO  o.e.b.c.i.u.g.PublishedGradleVersions - Gradle version information cache is up-to-date. Trying to read.
2020-08-21 13:44:48,921 [Worker-85: Debug Source Lookup] INFO  o.e.m.c.i.e.AbstractTransferListenerAdapter - Downloading http://maven.aliyun.com/nexus/content/groups/public/org/springframework/spring-webmvc/4.0.0.RELEASE/spring-webmvc-4.0.0.RELEASE-sources.jar
2020-08-21 13:44:50,019 [Worker-85: Debug Source Lookup] INFO  o.e.m.c.i.e.AbstractTransferListenerAdapter - Downloaded http://maven.aliyun.com/nexus/content/groups/public/org/springframework/spring-webmvc/4.0.0.RELEASE/spring-webmvc-4.0.0.RELEASE-sources.jar
2020-08-21 14:17:25,074 [Worker-3: Loading available Gradle versions] INFO  o.e.b.c.i.u.g.PublishedGradleVersions - Gradle version information cache is up-to-date. Trying to read.
2020-08-21 14:25:45,619 [Worker-5: Loading available Gradle versions] INFO  o.e.b.c.i.u.g.PublishedGradleVersions - Gradle version information cache is up-to-date. Trying to read.
2020-08-21 14:32:43,360 [Worker-2: Loading available Gradle versions] INFO  o.e.b.c.i.u.g.PublishedGradleVersions - Gradle version information cache is up-to-date. Trying to read.
2020-08-21 17:17:56,676 [Worker-16: Loading available Gradle versions] INFO  o.e.b.c.i.u.g.PublishedGradleVersions - Gradle version information cache is out-of-date. Trying to update.
2020-08-21 17:57:12,013 [Worker-32: Debug Source Lookup] INFO  o.e.m.c.i.e.AbstractTransferListenerAdapter - Downloading http://maven.aliyun.com/nexus/content/groups/public/org/springframework/spring-web/4.0.0.RELEASE/spring-web-4.0.0.RELEASE-sources.jar
2020-08-21 17:57:12,672 [Worker-32: Debug Source Lookup] INFO  o.e.m.c.i.e.AbstractTransferListenerAdapter - Downloaded http://maven.aliyun.com/nexus/content/groups/public/org/springframework/spring-web/4.0.0.RELEASE/spring-web-4.0.0.RELEASE-sources.jar
2020-08-21 18:01:59,756 [Worker-38: Debug Source Lookup] INFO  o.e.m.c.i.e.AbstractTransferListenerAdapter - Downloading http://maven.aliyun.com/nexus/content/groups/public/org/apache/tomcat/tomcat-util/8.5.45/tomcat-util-8.5.45-sources.jar
2020-08-21 18:02:00,161 [Worker-38: Debug Source Lookup] INFO  o.e.m.c.i.e.AbstractTransferListenerAdapter - Downloaded http://maven.aliyun.com/nexus/content/groups/public/org/apache/tomcat/tomcat-util/8.5.45/tomcat-util-8.5.45-sources.jar
2020-08-21 18:04:47,317 [Worker-32: Debug Source Lookup] INFO  o.e.m.c.i.e.AbstractTransferListenerAdapter - Downloading http://maven.aliyun.com/nexus/content/groups/public/org/apache/tomcat/tomcat-catalina/8.5.45/tomcat-catalina-8.5.45-sources.jar
2020-08-21 18:04:48,135 [Worker-32: Debug Source Lookup] INFO  o.e.m.c.i.e.AbstractTransferListenerAdapter - Downloaded http://maven.aliyun.com/nexus/content/groups/public/org/apache/tomcat/tomcat-catalina/8.5.45/tomcat-catalina-8.5.45-sources.jar
2020-08-21 18:05:10,642 [Worker-39: Debug Source Lookup] INFO  o.e.m.c.i.e.AbstractTransferListenerAdapter - Downloading http://maven.aliyun.com/nexus/content/groups/public/org/springframework/spring-context/4.0.0.RELEASE/spring-context-4.0.0.RELEASE-sources.jar
2020-08-21 18:05:11,266 [Worker-39: Debug Source Lookup] INFO  o.e.m.c.i.e.AbstractTransferListenerAdapter - Downloaded http://maven.aliyun.com/nexus/content/groups/public/org/springframework/spring-context/4.0.0.RELEASE/spring-context-4.0.0.RELEASE-sources.jar
2020-08-21 18:05:28,224 [Worker-35: Debug Source Lookup] INFO  o.e.m.c.i.e.AbstractTransferListenerAdapter - Downloading http://maven.aliyun.com/nexus/content/groups/public/org/apache/tomcat/tomcat-servlet-api/8.5.45/tomcat-servlet-api-8.5.45-sources.jar
2020-08-21 18:05:28,763 [Worker-35: Debug Source Lookup] INFO  o.e.m.c.i.e.AbstractTransferListenerAdapter - Downloaded http://maven.aliyun.com/nexus/content/groups/public/org/apache/tomcat/tomcat-servlet-api/8.5.45/tomcat-servlet-api-8.5.45-sources.jar
2020-08-21 18:05:31,512 [Worker-43: Debug Source Lookup] INFO  o.e.m.c.i.e.AbstractTransferListenerAdapter - Downloading http://maven.aliyun.com/nexus/content/groups/public/org/apache/tomcat/tomcat-websocket/8.5.45/tomcat-websocket-8.5.45-sources.jar
2020-08-21 18:05:31,904 [Worker-43: Debug Source Lookup] INFO  o.e.m.c.i.e.AbstractTransferListenerAdapter - Downloaded http://maven.aliyun.com/nexus/content/groups/public/org/apache/tomcat/tomcat-websocket/8.5.45/tomcat-websocket-8.5.45-sources.jar
2020-08-21 18:05:54,114 [Worker-33: Debug Source Lookup] INFO  o.e.m.c.i.e.AbstractTransferListenerAdapter - Downloading http://maven.aliyun.com/nexus/content/groups/public/org/apache/tomcat/tomcat-coyote/8.5.45/tomcat-coyote-8.5.45-sources.jar
2020-08-21 18:05:54,690 [Worker-33: Debug Source Lookup] INFO  o.e.m.c.i.e.AbstractTransferListenerAdapter - Downloaded http://maven.aliyun.com/nexus/content/groups/public/org/apache/tomcat/tomcat-coyote/8.5.45/tomcat-coyote-8.5.45-sources.jar
2020-08-21 18:06:04,076 [Worker-35: Debug Source Lookup] INFO  o.e.m.c.i.e.AbstractTransferListenerAdapter - Downloading http://maven.aliyun.com/nexus/content/groups/public/org/apache/tomcat/tomcat-juli/8.5.45/tomcat-juli-8.5.45-sources.jar
2020-08-21 18:06:04,360 [Worker-35: Debug Source Lookup] INFO  o.e.m.c.i.e.AbstractTransferListenerAdapter - Downloaded http://maven.aliyun.com/nexus/content/groups/public/org/apache/tomcat/tomcat-juli/8.5.45/tomcat-juli-8.5.45-sources.jar
2020-08-22 10:15:56,107 [Worker-0: Loading available Gradle versions] INFO  o.e.b.c.i.u.g.PublishedGradleVersions - Gradle version information cache is up-to-date. Trying to read.
2020-08-22 19:10:48,122 [Worker-0: Loading available Gradle versions] INFO  o.e.b.c.i.u.g.PublishedGradleVersions - Gradle version information cache is out-of-date. Trying to update.
2020-08-23 10:34:21,304 [Worker-0: Loading available Gradle versions] INFO  o.e.b.c.i.u.g.PublishedGradleVersions - Gradle version information cache is up-to-date. Trying to read.
2020-08-23 17:32:25,624 [Worker-4: Loading available Gradle versions] INFO  o.e.b.c.i.u.g.PublishedGradleVersions - Gradle version information cache is up-to-date. Trying to read.
2020-08-24 15:06:36,614 [Worker-3: Loading available Gradle versions] INFO  o.e.b.c.i.u.g.PublishedGradleVersions - Gradle version information cache is out-of-date. Trying to update.
2020-08-24 20:04:59,255 [Worker-6: Loading available Gradle versions] INFO  o.e.b.c.i.u.g.PublishedGradleVersions - Gradle version information cache is up-to-date. Trying to read.
2020-08-28 21:23:41,680 [Worker-1: Loading available Gradle versions] INFO  o.e.b.c.i.u.g.PublishedGradleVersions - Gradle version information cache is up-to-date. Trying to read.
2020-09-01 21:41:59,631 [Worker-3: Loading available Gradle versions] INFO  o.e.b.c.i.u.g.PublishedGradleVersions - Gradle version information cache is out-of-date. Trying to update.
2020-09-01 21:42:12,147 [Worker-3: Loading available Gradle versions] INFO  o.e.b.c.i.u.g.PublishedGradleVersions - Updating Gradle version information cache failed. Using outdated cache.
